[2025-11-10 07:28:10,858: INFO/MainProcess] beat: Starting...
[2025-11-10 07:29:18,041: INFO/MainProcess] beat: Starting...
[2025-11-10 07:30:00,046: INFO/MainProcess] Scheduler: Sending due task run-dashboard-ingestion-every-day (task_run_daily_dashboard_ingestion)
[2025-11-10 07:32:43,913: INFO/MainProcess] beat: Starting...
[2025-11-10 08:00:00,285: INFO/MainProcess] Scheduler: Sending due task run-daily-alerts (run_daily_alerts)
[2025-11-10 08:31:36,138: INFO/MainProcess] beat: Starting...
[2025-11-10 08:35:55,262: INFO/MainProcess] beat: Starting...
[2025-11-10 08:43:55,599: INFO/MainProcess] beat: Starting...
[2025-11-10 08:46:43,213: INFO/MainProcess] beat: Starting...
[2025-11-10 08:47:55,303: INFO/MainProcess] beat: Starting...
[2025-11-10 08:49:43,863: INFO/MainProcess] beat: Starting...
[2025-11-10 08:58:10,885: INFO/MainProcess] beat: Starting...
[2025-11-10 08:59:47,169: INFO/MainProcess] beat: Starting...
[2025-11-10 09:05:57,567: INFO/MainProcess] beat: Starting...
[2025-11-10 09:10:19,209: INFO/MainProcess] beat: Starting...
[2025-11-10 09:16:54,747: INFO/MainProcess] beat: Starting...
[2025-11-10 09:18:24,183: INFO/MainProcess] beat: Starting...
[2025-11-10 09:27:32,174: INFO/MainProcess] beat: Starting...
[2025-11-10 10:15:56,422: INFO/MainProcess] beat: Starting...
[2025-11-10 10:54:37,597: INFO/MainProcess] beat: Starting...
[2025-11-10 14:16:24,355: INFO/MainProcess] beat: Starting...
[2025-11-10 14:21:20,497: INFO/MainProcess] beat: Starting...
[2025-11-10 14:25:02,248: INFO/MainProcess] beat: Starting...
[2025-11-10 17:46:17,544: INFO/MainProcess] beat: Starting...
[2025-11-10 17:59:41,616: INFO/MainProcess] beat: Starting...
[2025-11-10 18:00:40,365: INFO/MainProcess] beat: Starting...
[2025-11-10 18:49:07,773: INFO/MainProcess] beat: Starting...
[2025-11-10 23:46:37,125: INFO/MainProcess] beat: Starting...
[2025-11-11 00:16:11,894: INFO/MainProcess] beat: Starting...
[2025-11-11 00:44:44,958: INFO/MainProcess] beat: Starting...
[2025-11-11 05:59:05,056: INFO/MainProcess] beat: Starting...
[2025-11-11 06:34:19,219: INFO/MainProcess] beat: Starting...
[2025-11-11 07:00:00,088: INFO/MainProcess] Scheduler: Sending due task run-ingestion-every-day (task_run_daily_ingestion)
[2025-11-11 07:01:46,233: INFO/MainProcess] beat: Starting...
[2025-11-11 07:17:43,809: INFO/MainProcess] beat: Starting...
[2025-11-11 07:30:00,095: INFO/MainProcess] Scheduler: Sending due task run-dashboard-ingestion-every-day (task_run_daily_dashboard_ingestion)
[2025-11-11 07:31:27,424: INFO/MainProcess] beat: Starting...
[2025-11-11 07:47:48,052: INFO/MainProcess] beat: Starting...
[2025-11-11 07:54:13,442: INFO/MainProcess] beat: Starting...
[2025-11-11 08:00:00,088: INFO/MainProcess] Scheduler: Sending due task run-daily-alerts (run_daily_alerts)
[2025-11-11 08:58:24,212: INFO/MainProcess] beat: Starting...
[2025-11-11 09:11:54,675: INFO/MainProcess] beat: Starting...
[2025-11-11 09:47:19,662: INFO/MainProcess] beat: Starting...
[2025-11-11 09:48:57,498: INFO/MainProcess] beat: Starting...
[2025-11-11 10:21:14,241: INFO/MainProcess] beat: Starting...
[2025-11-11 10:35:12,071: INFO/MainProcess] beat: Starting...
[2025-11-11 11:06:09,517: INFO/MainProcess] beat: Starting...
[2025-11-11 11:42:23,773: INFO/MainProcess] beat: Starting...
[2025-11-11 13:43:00,834: INFO/MainProcess] beat: Starting...
[2025-11-11 13:57:04,303: INFO/MainProcess] beat: Starting...
[2025-11-11 16:53:09,930: INFO/MainProcess] beat: Starting...
[2025-11-11 17:22:19,376: INFO/MainProcess] beat: Starting...
[2025-11-11 17:26:41,876: INFO/MainProcess] beat: Starting...
[2025-11-11 18:06:43,596: INFO/MainProcess] beat: Starting...
[2025-11-11 23:52:25,931: INFO/MainProcess] beat: Starting...
[2025-11-12 07:00:00,289: INFO/MainProcess] Scheduler: Sending due task run-ingestion-every-day (task_run_daily_ingestion)
[2025-11-12 07:30:00,082: INFO/MainProcess] Scheduler: Sending due task run-dashboard-ingestion-every-day (task_run_daily_dashboard_ingestion)
[2025-11-12 08:00:00,091: INFO/MainProcess] Scheduler: Sending due task run-daily-alerts (run_daily_alerts)
[2025-11-12 08:49:47,599: INFO/MainProcess] beat: Starting...
[2025-11-12 11:15:08,063: INFO/MainProcess] beat: Starting...
[2025-11-12 17:02:48,575: INFO/MainProcess] beat: Starting...
[2025-11-13 11:07:00,916: INFO/MainProcess] beat: Starting...
[2025-11-13 11:35:25,233: INFO/MainProcess] beat: Starting...
[2025-11-13 12:51:14,081: INFO/MainProcess] beat: Starting...
[2025-11-13 13:17:35,597: INFO/MainProcess] beat: Starting...
[2025-11-13 23:06:54,699: INFO/MainProcess] beat: Starting...
[2025-11-14 00:17:23,520: INFO/MainProcess] beat: Starting...
[2025-11-14 05:21:42,534: INFO/MainProcess] beat: Starting...
[2025-11-14 09:29:25,187: INFO/MainProcess] beat: Starting...
[2025-11-14 09:31:17,623: INFO/MainProcess] beat: Starting...
[2025-11-14 21:12:16,648: INFO/MainProcess] beat: Starting...
[2025-11-14 21:46:31,385: INFO/MainProcess] beat: Starting...
[2025-11-14 21:55:58,942: INFO/MainProcess] beat: Starting...
[2025-11-14 22:12:35,013: INFO/MainProcess] beat: Starting...
[2025-11-14 22:28:40,351: INFO/MainProcess] beat: Starting...
[2025-11-14 22:38:31,506: INFO/MainProcess] beat: Starting...
[2025-11-15 00:29:37,218: INFO/MainProcess] beat: Starting...
[2025-11-15 00:32:48,846: INFO/MainProcess] beat: Starting...
[2025-11-15 10:20:48,430: INFO/MainProcess] beat: Starting...
[2025-11-15 10:22:55,886: INFO/MainProcess] beat: Starting...
[2025-11-15 10:28:15,130: INFO/MainProcess] beat: Starting...
[2025-11-15 10:31:39,764: INFO/MainProcess] beat: Starting...
[2025-11-15 12:08:34,607: INFO/MainProcess] beat: Starting...
[2025-11-15 12:53:47,885: INFO/MainProcess] beat: Starting...
[2025-11-15 12:55:28,131: INFO/MainProcess] beat: Starting...
[2025-11-15 13:11:01,148: INFO/MainProcess] beat: Starting...
[2025-11-15 13:31:07,510: INFO/MainProcess] beat: Starting...
[2025-11-15 17:19:34,289: INFO/MainProcess] beat: Starting...
[2025-11-15 18:15:23,167: INFO/MainProcess] beat: Starting...
[2025-11-15 18:27:57,131: INFO/MainProcess] beat: Starting...
[2025-11-15 18:56:06,260: INFO/MainProcess] beat: Starting...
[2025-11-15 19:18:16,750: INFO/MainProcess] beat: Starting...
[2025-11-15 23:37:49,658: INFO/MainProcess] beat: Starting...
[2025-11-16 08:58:51,029: INFO/MainProcess] Scheduler: Sending due task run-ingestion-every-day (task_run_daily_ingestion)
[2025-11-16 08:58:51,063: INFO/MainProcess] Scheduler: Sending due task run-dashboard-ingestion-every-day (task_run_daily_dashboard_ingestion)
[2025-11-16 08:58:51,065: INFO/MainProcess] Scheduler: Sending due task run-weekly-alerts (run_weekly_alerts)
[2025-11-16 08:58:51,067: INFO/MainProcess] Scheduler: Sending due task run-daily-alerts (run_daily_alerts)
[2025-11-16 14:57:44,030: INFO/MainProcess] beat: Starting...
[2025-11-16 16:38:55,220: INFO/MainProcess] beat: Starting...
[2025-11-16 16:59:47,701: INFO/MainProcess] beat: Starting...
[2025-11-16 18:13:12,174: INFO/MainProcess] beat: Starting...
[2025-11-16 18:24:24,923: INFO/MainProcess] beat: Starting...
[2025-11-16 18:56:53,138: INFO/MainProcess] beat: Starting...
[2025-11-16 19:05:19,997: INFO/MainProcess] beat: Starting...
[2025-11-16 19:24:41,734: INFO/MainProcess] beat: Starting...
[2025-11-16 19:45:40,404: INFO/MainProcess] beat: Starting...
[2025-11-16 20:07:49,549: INFO/MainProcess] beat: Starting...
[2025-11-16 20:29:19,779: INFO/MainProcess] beat: Starting...
[2025-11-16 21:03:59,434: INFO/MainProcess] beat: Starting...
[2025-11-16 21:12:56,445: INFO/MainProcess] beat: Starting...
[2025-11-16 21:46:04,511: INFO/MainProcess] beat: Starting...
[2025-11-16 22:37:24,713: INFO/MainProcess] beat: Starting...
[2025-11-16 23:12:42,431: INFO/MainProcess] beat: Starting...
[2025-11-16 23:38:04,637: INFO/MainProcess] beat: Starting...
[2025-11-17 06:11:48,825: INFO/MainProcess] beat: Starting...
[2025-11-17 06:45:38,759: INFO/MainProcess] beat: Starting...
[2025-11-17 07:00:00,124: INFO/MainProcess] Scheduler: Sending due task run-ingestion-every-day (task_run_daily_ingestion)
[2025-11-17 07:05:08,856: INFO/MainProcess] beat: Starting...
[2025-11-17 10:10:18,802: INFO/MainProcess] beat: Starting...
[2025-11-17 10:23:29,443: INFO/MainProcess] beat: Starting...
[2025-11-17 11:06:46,137: INFO/MainProcess] beat: Starting...
[2025-11-17 11:40:53,965: INFO/MainProcess] beat: Starting...
[2025-11-17 12:04:28,675: INFO/MainProcess] beat: Starting...
[2025-11-17 12:23:11,795: INFO/MainProcess] beat: Starting...
[2025-11-17 12:46:20,296: INFO/MainProcess] beat: Starting...
[2025-11-17 14:18:03,526: INFO/MainProcess] beat: Starting...
[2025-11-17 17:35:44,014: INFO/MainProcess] beat: Starting...
[2025-11-17 18:35:14,364: INFO/MainProcess] beat: Starting...
[2025-11-17 20:34:39,564: INFO/MainProcess] beat: Starting...
